<?xml version="1.0" encoding="UTF-8"?>
<testsuite xmlns:xsi="http://www.w3.org/2001/XMLSchema-instance" xsi:noNamespaceSchemaLocation="https://maven.apache.org/surefire/maven-surefire-plugin/xsd/surefire-test-report-3.0.xsd" version="3.0" name="com.talenthub.AccountManager.controller.CompanyControllerTest" time="0.99" tests="4" errors="1" skipped="0" failures="1">
  <properties>
[...]
</properties>
  <testcase name="getCompanyByEmailTest" classname="com.talenthub.AccountManager.controller.CompanyControllerTest" time="0.04">
    <system-out><![CDATA[2024-05-27T11:57:35.590-05:00  INFO 54860 --- [AccountManager] [           main] t.c.s.AnnotationConfigContextLoaderUtils : Could not detect default configuration classes for test class [com.talenthub.AccountManager.controller.CompanyControllerTest]: CompanyControllerTest does not declare any static, non-private, non-final, nested classes annotated with @Configuration.
2024-05-27T11:57:35.646-05:00  INFO 54860 --- [AccountManager] [           main] .b.t.c.SpringBootTestContextBootstrapper : Found @SpringBootConfiguration com.talenthub.AccountManager.AccountManagerApplication for test class com.talenthub.AccountManager.controller.CompanyControllerTest

  .   ____          _            __ _ _
 /\\ / ___'_ __ _ _(_)_ __  __ _ \ \ \ \
( ( )\___ | '_ | '_| | '_ \/ _` | \ \ \ \
 \\/  ___)| |_)| | | | | || (_| |  ) ) ) )
  '  |____| .__|_| |_|_| |_\__, | / / / /
 =========|_|==============|___/=/_/_/_/
 :: Spring Boot ::                (v3.2.4)

2024-05-27T11:57:35.751-05:00  INFO 54860 --- [AccountManager] [           main] c.t.A.controller.CompanyControllerTest   : Starting CompanyControllerTest using Java 21.0.3 with PID 54860 (started by tico2 in C:\Users\tico2\Desktop\CanelaAccountManagerMicroservice\CanelaAccounManagerMicroservice-1)
2024-05-27T11:57:35.751-05:00  INFO 54860 --- [AccountManager] [           main] c.t.A.controller.CompanyControllerTest   : No active profile set, falling back to 1 default profile: "default"
2024-05-27T11:57:36.312-05:00  INFO 54860 --- [AccountManager] [           main] o.s.b.t.m.w.SpringBootMockServletContext : Initializing Spring TestDispatcherServlet ''
2024-05-27T11:57:36.312-05:00  INFO 54860 --- [AccountManager] [           main] o.s.t.web.servlet.TestDispatcherServlet  : Initializing Servlet ''
2024-05-27T11:57:36.313-05:00  INFO 54860 --- [AccountManager] [           main] o.s.t.web.servlet.TestDispatcherServlet  : Completed initialization in 1 ms
2024-05-27T11:57:36.326-05:00  INFO 54860 --- [AccountManager] [           main] c.t.A.controller.CompanyControllerTest   : Started CompanyControllerTest in 0.668 seconds (process running for 30.138)
]]></system-out>
  </testcase>
  <testcase name="saveCompanyTest" classname="com.talenthub.AccountManager.controller.CompanyControllerTest" time="0.066">
    <error type="jakarta.servlet.ServletException"><![CDATA[jakarta.servlet.ServletException: Request processing failed: java.lang.NullPointerException: Cannot invoke "java.lang.Integer.intValue()" because "this.idLegalRepresentative" is null
	at org.springframework.web.servlet.FrameworkServlet.processRequest(FrameworkServlet.java:1022)
	at org.springframework.web.servlet.FrameworkServlet.doPost(FrameworkServlet.java:914)
	at jakarta.servlet.http.HttpServlet.service(HttpServlet.java:590)
	at org.springframework.web.servlet.FrameworkServlet.service(FrameworkServlet.java:885)
	at org.springframework.test.web.servlet.TestDispatcherServlet.service(TestDispatcherServlet.java:72)
	at jakarta.servlet.http.HttpServlet.service(HttpServlet.java:658)
	at org.springframework.mock.web.MockFilterChain$ServletFilterProxy.doFilter(MockFilterChain.java:165)
	at org.springframework.mock.web.MockFilterChain.doFilter(MockFilterChain.java:132)
	at org.springframework.web.filter.RequestContextFilter.doFilterInternal(RequestContextFilter.java:100)
	at org.springframework.web.filter.OncePerRequestFilter.doFilter(OncePerRequestFilter.java:116)
	at org.springframework.test.web.servlet.setup.MockMvcFilterDecorator.doFilter(MockMvcFilterDecorator.java:151)
	at org.springframework.mock.web.MockFilterChain.doFilter(MockFilterChain.java:132)
	at org.springframework.web.filter.FormContentFilter.doFilterInternal(FormContentFilter.java:93)
	at org.springframework.web.filter.OncePerRequestFilter.doFilter(OncePerRequestFilter.java:116)
	at org.springframework.test.web.servlet.setup.MockMvcFilterDecorator.doFilter(MockMvcFilterDecorator.java:151)
	at org.springframework.mock.web.MockFilterChain.doFilter(MockFilterChain.java:132)
	at org.springframework.web.filter.CharacterEncodingFilter.doFilterInternal(CharacterEncodingFilter.java:201)
	at org.springframework.web.filter.OncePerRequestFilter.doFilter(OncePerRequestFilter.java:116)
	at org.springframework.test.web.servlet.setup.MockMvcFilterDecorator.doFilter(MockMvcFilterDecorator.java:151)
	at org.springframework.mock.web.MockFilterChain.doFilter(MockFilterChain.java:132)
	at org.springframework.test.web.servlet.MockMvc.perform(MockMvc.java:201)
	at com.talenthub.AccountManager.controller.CompanyControllerTest.saveCompanyTest(CompanyControllerTest.java:34)
	at java.base/java.lang.reflect.Method.invoke(Method.java:580)
	at java.base/java.util.ArrayList.forEach(ArrayList.java:1596)
	at java.base/java.util.ArrayList.forEach(ArrayList.java:1596)
Caused by: java.lang.NullPointerException: Cannot invoke "java.lang.Integer.intValue()" because "this.idLegalRepresentative" is null
	at com.talenthub.AccountManager.model.Company.getIdLegalRepresentative(Company.java:119)
	at com.talenthub.AccountManager.model.Company.toString(Company.java:9)
	at com.talenthub.AccountManager.controller.CompanyController.sendMessage(CompanyController.java:29)
	at java.base/jdk.internal.reflect.DirectMethodHandleAccessor.invoke(DirectMethodHandleAccessor.java:103)
	at java.base/java.lang.reflect.Method.invoke(Method.java:580)
	at org.springframework.web.method.support.InvocableHandlerMethod.doInvoke(InvocableHandlerMethod.java:255)
	at org.springframework.web.method.support.InvocableHandlerMethod.invokeForRequest(InvocableHandlerMethod.java:188)
	at org.springframework.web.servlet.mvc.method.annotation.ServletInvocableHandlerMethod.invokeAndHandle(ServletInvocableHandlerMethod.java:118)
	at org.springframework.web.servlet.mvc.method.annotation.RequestMappingHandlerAdapter.invokeHandlerMethod(RequestMappingHandlerAdapter.java:925)
	at org.springframework.web.servlet.mvc.method.annotation.RequestMappingHandlerAdapter.handleInternal(RequestMappingHandlerAdapter.java:830)
	at org.springframework.web.servlet.mvc.method.AbstractHandlerMethodAdapter.handle(AbstractHandlerMethodAdapter.java:87)
	at org.springframework.web.servlet.DispatcherServlet.doDispatch(DispatcherServlet.java:1089)
	at org.springframework.web.servlet.DispatcherServlet.doService(DispatcherServlet.java:979)
	at org.springframework.web.servlet.FrameworkServlet.processRequest(FrameworkServlet.java:1014)
	... 24 more
]]></error>
  </testcase>
  <testcase name="getCompanyByIdTest" classname="com.talenthub.AccountManager.controller.CompanyControllerTest" time="0.026">
    <failure type="java.lang.AssertionError"><![CDATA[java.lang.AssertionError: Status expected:<200> but was:<500>
	at org.springframework.test.util.AssertionErrors.fail(AssertionErrors.java:59)
	at org.springframework.test.util.AssertionErrors.assertEquals(AssertionErrors.java:122)
	at org.springframework.test.web.servlet.result.StatusResultMatchers.lambda$matcher$9(StatusResultMatchers.java:637)
	at org.springframework.test.web.servlet.MockMvc$1.andExpect(MockMvc.java:214)
	at com.talenthub.AccountManager.controller.CompanyControllerTest.getCompanyByIdTest(CompanyControllerTest.java:60)
	at java.base/java.lang.reflect.Method.invoke(Method.java:580)
	at java.base/java.util.ArrayList.forEach(ArrayList.java:1596)
	at java.base/java.util.ArrayList.forEach(ArrayList.java:1596)
]]></failure>
    <system-out><![CDATA[2024-05-27T11:57:36.473-05:00  WARN 54860 --- [AccountManager] [           main] .w.s.m.s.DefaultHandlerExceptionResolver : Resolved [org.springframework.http.converter.HttpMessageNotWritableException: Could not write JSON: Cannot invoke "java.lang.Integer.intValue()" because "this.idLegalRepresentative" is null]

MockHttpServletRequest:
      HTTP Method = GET
      Request URI = /api/talentsoft/company/id/1
       Parameters = {}
          Headers = []
             Body = null
    Session Attrs = {}

Handler:
             Type = com.talenthub.AccountManager.controller.CompanyController
           Method = com.talenthub.AccountManager.controller.CompanyController#getCompanyById(String)

Async:
    Async started = false
     Async result = null

Resolved Exception:
             Type = org.springframework.http.converter.HttpMessageNotWritableException

ModelAndView:
        View name = null
             View = null
            Model = null

FlashMap:
       Attributes = null

MockHttpServletResponse:
           Status = 500
    Error message = null
          Headers = [Vary:"Origin", "Access-Control-Request-Method", "Access-Control-Request-Headers", Content-Type:"application/json"]
     Content type = application/json
             Body = 
    Forwarded URL = null
   Redirected URL = null
          Cookies = []
]]></system-out>
  </testcase>
  <testcase name="findAllCompaniesTest" classname="com.talenthub.AccountManager.controller.CompanyControllerTest" time="0.087"/>
</testsuite>