<?xml version="1.0" encoding="UTF-8"?>
<testsuite xmlns:xsi="http://www.w3.org/2001/XMLSchema-instance" xsi:noNamespaceSchemaLocation="https://maven.apache.org/surefire/maven-surefire-plugin/xsd/surefire-test-report-3.0.xsd" version="3.0" name="com.talenthub.AccountManager.AccountManagerApplicationTests" time="26.131" tests="1" errors="0" skipped="0" failures="0">
  <properties>
[...]
</properties>
  <testcase name="contextLoads" classname="com.talenthub.AccountManager.AccountManagerApplicationTests" time="1.057">
    <system-out><![CDATA[11:57:07.776 [main] INFO org.springframework.test.context.support.AnnotationConfigContextLoaderUtils -- Could not detect default configuration classes for test class [com.talenthub.AccountManager.AccountManagerApplicationTests]: AccountManagerApplicationTests does not declare any static, non-private, non-final, nested classes annotated with @Configuration.
11:57:07.947 [main] INFO org.springframework.boot.test.context.SpringBootTestContextBootstrapper -- Found @SpringBootConfiguration com.talenthub.AccountManager.AccountManagerApplication for test class com.talenthub.AccountManager.AccountManagerApplicationTests

  .   ____          _            __ _ _
 /\\ / ___'_ __ _ _(_)_ __  __ _ \ \ \ \
( ( )\___ | '_ | '_| | '_ \/ _` | \ \ \ \
 \\/  ___)| |_)| | | | | || (_| |  ) ) ) )
  '  |____| .__|_| |_|_| |_\__, | / / / /
 =========|_|==============|___/=/_/_/_/
 :: Spring Boot ::                (v3.2.4)

2024-05-27T11:57:08.929-05:00  INFO 54860 --- [AccountManager] [           main] c.t.A.AccountManagerApplicationTests     : Starting AccountManagerApplicationTests using Java 21.0.3 with PID 54860 (started by tico2 in C:\Users\tico2\Desktop\CanelaAccountManagerMicroservice\CanelaAccounManagerMicroservice-1)
2024-05-27T11:57:08.932-05:00  INFO 54860 --- [AccountManager] [           main] c.t.A.AccountManagerApplicationTests     : No active profile set, falling back to 1 default profile: "default"
2024-05-27T11:57:10.781-05:00  INFO 54860 --- [AccountManager] [           main] .s.d.r.c.RepositoryConfigurationDelegate : Bootstrapping Spring Data JPA repositories in DEFAULT mode.
2024-05-27T11:57:10.914-05:00  INFO 54860 --- [AccountManager] [           main] .s.d.r.c.RepositoryConfigurationDelegate : Finished Spring Data repository scanning in 115 ms. Found 6 JPA repository interfaces.
2024-05-27T11:57:11.973-05:00  INFO 54860 --- [AccountManager] [           main] o.hibernate.jpa.internal.util.LogHelper  : HHH000204: Processing PersistenceUnitInfo [name: default]
2024-05-27T11:57:12.136-05:00  INFO 54860 --- [AccountManager] [           main] org.hibernate.Version                    : HHH000412: Hibernate ORM core version 6.4.4.Final
2024-05-27T11:57:12.250-05:00  INFO 54860 --- [AccountManager] [           main] o.h.c.internal.RegionFactoryInitiator    : HHH000026: Second-level cache disabled
2024-05-27T11:57:12.952-05:00  INFO 54860 --- [AccountManager] [           main] o.s.o.j.p.SpringPersistenceUnitInfo      : No LoadTimeWeaver setup: ignoring JPA class transformer
2024-05-27T11:57:13.011-05:00  INFO 54860 --- [AccountManager] [           main] com.zaxxer.hikari.HikariDataSource       : HikariPool-1 - Starting...
2024-05-27T11:57:26.170-05:00  INFO 54860 --- [AccountManager] [           main] com.zaxxer.hikari.pool.HikariPool        : HikariPool-1 - Added connection com.mysql.cj.jdbc.ConnectionImpl@dd20ebc
2024-05-27T11:57:26.173-05:00  INFO 54860 --- [AccountManager] [           main] com.zaxxer.hikari.HikariDataSource       : HikariPool-1 - Start completed.
2024-05-27T11:57:26.621-05:00 DEBUG 54860 --- [AccountManager] [           main] o.h.t.d.sql.spi.DdlTypeRegistry          : addDescriptor(12, org.hibernate.type.descriptor.sql.internal.CapacityDependentDdlType@299a43d9) replaced previous registration(org.hibernate.type.descriptor.sql.internal.CapacityDependentDdlType@ccd000e)
2024-05-27T11:57:26.622-05:00 DEBUG 54860 --- [AccountManager] [           main] o.h.t.d.sql.spi.DdlTypeRegistry          : addDescriptor(-9, org.hibernate.type.descriptor.sql.internal.CapacityDependentDdlType@5fa5c8cf) replaced previous registration(org.hibernate.type.descriptor.sql.internal.CapacityDependentDdlType@d7055be)
2024-05-27T11:57:26.622-05:00 DEBUG 54860 --- [AccountManager] [           main] o.h.t.d.sql.spi.DdlTypeRegistry          : addDescriptor(-3, org.hibernate.type.descriptor.sql.internal.CapacityDependentDdlType@768f4b42) replaced previous registration(org.hibernate.type.descriptor.sql.internal.CapacityDependentDdlType@12a6e8ed)
2024-05-27T11:57:26.622-05:00 DEBUG 54860 --- [AccountManager] [           main] o.h.t.d.sql.spi.DdlTypeRegistry          : addDescriptor(4003, org.hibernate.type.descriptor.sql.internal.DdlTypeImpl@63b4b9c6) replaced previous registration(org.hibernate.type.descriptor.sql.internal.DdlTypeImpl@6c66ddab)
2024-05-27T11:57:26.622-05:00 DEBUG 54860 --- [AccountManager] [           main] o.h.t.d.sql.spi.DdlTypeRegistry          : addDescriptor(4001, org.hibernate.type.descriptor.sql.internal.DdlTypeImpl@603f4e3e) replaced previous registration(org.hibernate.type.descriptor.sql.internal.DdlTypeImpl@45fb2354)
2024-05-27T11:57:26.623-05:00 DEBUG 54860 --- [AccountManager] [           main] o.h.t.d.sql.spi.DdlTypeRegistry          : addDescriptor(4002, org.hibernate.type.descriptor.sql.internal.DdlTypeImpl@3c7d8a4) replaced previous registration(org.hibernate.type.descriptor.sql.internal.DdlTypeImpl@5996d6f2)
2024-05-27T11:57:26.623-05:00 DEBUG 54860 --- [AccountManager] [           main] o.h.t.d.sql.spi.DdlTypeRegistry          : addDescriptor(2004, org.hibernate.type.descriptor.sql.internal.CapacityDependentDdlType@43423d40) replaced previous registration(org.hibernate.type.descriptor.sql.internal.DdlTypeImpl@5f3f57ff)
2024-05-27T11:57:26.623-05:00 DEBUG 54860 --- [AccountManager] [           main] o.h.t.d.sql.spi.DdlTypeRegistry          : addDescriptor(2005, org.hibernate.type.descriptor.sql.internal.CapacityDependentDdlType@6200b644) replaced previous registration(org.hibernate.type.descriptor.sql.internal.DdlTypeImpl@d4ecdb0)
2024-05-27T11:57:26.623-05:00 DEBUG 54860 --- [AccountManager] [           main] o.h.t.d.sql.spi.DdlTypeRegistry          : addDescriptor(2011, org.hibernate.type.descriptor.sql.internal.CapacityDependentDdlType@5fb44964) replaced previous registration(org.hibernate.type.descriptor.sql.internal.DdlTypeImpl@7a117dc2)
2024-05-27T11:57:28.425-05:00  INFO 54860 --- [AccountManager] [           main] o.h.e.t.j.p.i.JtaPlatformInitiator       : HHH000489: No JTA platform available (set 'hibernate.transaction.jta.platform' to enable JTA platform integration)
2024-05-27T11:57:28.948-05:00  INFO 54860 --- [AccountManager] [           main] j.LocalContainerEntityManagerFactoryBean : Initialized JPA EntityManagerFactory for persistence unit 'default'
2024-05-27T11:57:29.760-05:00  INFO 54860 --- [AccountManager] [           main] o.s.d.j.r.query.QueryEnhancerFactory     : Hibernate is in classpath; If applicable, HQL parser will be used.
2024-05-27T11:57:32.384-05:00  INFO 54860 --- [AccountManager] [           main] c.t.A.AccountManagerApplicationTests     : Started AccountManagerApplicationTests in 24.073 seconds (process running for 26.195)
]]></system-out>
    <system-err><![CDATA[WARNING: A Java agent has been loaded dynamically (C:\Users\tico2\.m2\repository\net\bytebuddy\byte-buddy-agent\1.14.12\byte-buddy-agent-1.14.12.jar)
WARNING: If a serviceability tool is in use, please run with -XX:+EnableDynamicAgentLoading to hide this warning
WARNING: If a serviceability tool is not in use, please run with -Djdk.instrument.traceUsage for more information
WARNING: Dynamic loading of agents will be disallowed by default in a future release
]]></system-err>
  </testcase>
</testsuite>